<?xml version="1.0" encoding="UTF-8"?>
<!-- Generated by org.testng.reporters.JUnitXMLReporter -->
<testsuite ignored="0" hostname="PCavel" failures="0" tests="2" name="FirstSeleniumTestNGExample" time="18.225" errors="0" timestamp="30 янв. 2019 09:21:18 GMT">
  <testcase classname="tests.RegistrationAndUploadLogoTest" name="registrationTest" time="3.417"/>
  <testcase classname="tests.RegistrationAndUploadLogoTest" name="uploadLogoTest" time="4.316"/>
</testsuite> <!-- FirstSeleniumTestNGExample -->
