<?xml version="1.0" encoding="UTF-8"?>
<testng-results ignored="0" total="2" passed="2" failed="0" skipped="0">
  <reporter-output>
  </reporter-output>
  <suite started-at="2019-01-30T09:21:00Z" name="Default Suite" finished-at="2019-01-30T09:21:18Z" duration-ms="18225">
    <groups>
    </groups>
    <test started-at="2019-01-30T09:21:00Z" name="FirstSeleniumTestNGExample" finished-at="2019-01-30T09:21:18Z" duration-ms="18225">
      <class name="tests.RegistrationAndUploadLogoTest">
        <test-method is-config="true" signature="setupTest()[pri:0, instance:tests.RegistrationAndUploadLogoTest@6c80d78a]" started-at="2019-01-30T09:21:00Z" name="setupTest" description="Test Setup: Open http://iknow.travel and go to registration page" finished-at="2019-01-30T09:21:10Z" duration-ms="9783" status="PASS">
          <reporter-output>
          </reporter-output>
        </test-method> <!-- setupTest -->
        <test-method signature="registrationTest()[pri:0, instance:tests.RegistrationAndUploadLogoTest@6c80d78a]" started-at="2019-01-30T09:21:10Z" name="registrationTest" description="Test for registration using generated email" finished-at="2019-01-30T09:21:13Z" duration-ms="3417" status="PASS">
          <reporter-output>
          </reporter-output>
        </test-method> <!-- registrationTest -->
        <test-method signature="uploadLogoTest()[pri:0, instance:tests.RegistrationAndUploadLogoTest@6c80d78a]" started-at="2019-01-30T09:21:13Z" name="uploadLogoTest" description="Test for upload logo" finished-at="2019-01-30T09:21:17Z" duration-ms="4316" status="PASS">
          <reporter-output>
          </reporter-output>
        </test-method> <!-- uploadLogoTest -->
        <test-method is-config="true" signature="teardownTest()[pri:0, instance:tests.RegistrationAndUploadLogoTest@6c80d78a]" started-at="2019-01-30T09:21:17Z" name="teardownTest" finished-at="2019-01-30T09:21:18Z" duration-ms="673" status="PASS">
          <reporter-output>
          </reporter-output>
        </test-method> <!-- teardownTest -->
      </class> <!-- tests.RegistrationAndUploadLogoTest -->
    </test> <!-- FirstSeleniumTestNGExample -->
  </suite> <!-- Default Suite -->
</testng-results>
